This is pdfTeX, Version 3.14159265-2.6-1.40.20 (TeX Live 2019/Debian) (preloaded format=pdflatex 2019.11.18)  21 JUN 2020 10:57
entering extended mode
 restricted \write18 enabled.
 %&-line parsing enabled.
**Relazione.tex
(./Relazione.tex
LaTeX2e <2018-12-01>
(/usr/share/texlive/texmf-dist/tex/latex/base/article.cls
Document Class: article 2018/09/03 v1.4i Standard LaTeX document class
(/usr/share/texlive/texmf-dist/tex/latex/base/size10.clo
File: size10.clo 2018/09/03 v1.4i Standard LaTeX file (size option)
)
\c@part=\count80
\c@section=\count81
\c@subsection=\count82
\c@subsubsection=\count83
\c@paragraph=\count84
\c@subparagraph=\count85
\c@figure=\count86
\c@table=\count87
\abovecaptionskip=\skip41
\belowcaptionskip=\skip42
\bibindent=\dimen102
)
(/usr/share/texlive/texmf-dist/tex/generic/babel/babel.sty
Package: babel 2019/06/03 3.32 The Babel package

(/usr/share/texlive/texmf-dist/tex/generic/babel/switch.def
File: switch.def 2019/06/03 3.32 Babel switching mechanism
)
Package babel Info: You haven't specified a language. I'll use 'nil'
(babel)             as the main language. Reported on input line 568.

(/usr/share/texlive/texmf-dist/tex/generic/babel/nil.ldf
Language: nil 2019/06/03 3.32 Nil language

(/usr/share/texlive/texmf-dist/tex/generic/babel/babel.def
File: babel.def 2019/06/03 3.32 Babel common definitions
\babel@savecnt=\count88
\U@D=\dimen103

(/usr/share/texlive/texmf-dist/tex/generic/babel/txtbabel.def)
\bbl@dirlevel=\count89
)
\l@nil=\language5
))
(/usr/share/texlive/texmf-dist/tex/latex/base/fontenc.sty
Package: fontenc 2018/08/11 v2.0j Standard LaTeX package

(/usr/share/texlive/texmf-dist/tex/latex/base/t1enc.def
File: t1enc.def 2018/08/11 v2.0j Standard LaTeX file
LaTeX Font Info:    Redeclaring font encoding T1 on input line 48.
))
(/usr/share/texlive/texmf-dist/tex/latex/base/inputenc.sty
Package: inputenc 2018/08/11 v1.3c Input encoding file
\inpenc@prehook=\toks14
\inpenc@posthook=\toks15
)
(/usr/share/texlive/texmf-dist/tex/latex/graphics/graphicx.sty
Package: graphicx 2017/06/01 v1.1a Enhanced LaTeX Graphics (DPC,SPQR)

(/usr/share/texlive/texmf-dist/tex/latex/graphics/keyval.sty
Package: keyval 2014/10/28 v1.15 key=value parser (DPC)
\KV@toks@=\toks16
)
(/usr/share/texlive/texmf-dist/tex/latex/graphics/graphics.sty
Package: graphics 2017/06/25 v1.2c Standard LaTeX Graphics (DPC,SPQR)

(/usr/share/texlive/texmf-dist/tex/latex/graphics/trig.sty
Package: trig 2016/01/03 v1.10 sin cos tan (DPC)
)
(/usr/share/texlive/texmf-dist/tex/latex/graphics-cfg/graphics.cfg
File: graphics.cfg 2016/06/04 v1.11 sample graphics configuration
)
Package graphics Info: Driver file: pdftex.def on input line 99.

(/usr/share/texlive/texmf-dist/tex/latex/graphics-def/pdftex.def
File: pdftex.def 2018/01/08 v1.0l Graphics/color driver for pdftex
))
\Gin@req@height=\dimen104
\Gin@req@width=\dimen105
)
(./Relazione.aux)
\openout1 = `Relazione.aux'.

LaTeX Font Info:    Checking defaults for OML/cmm/m/it on input line 9.
LaTeX Font Info:    ... okay on input line 9.
LaTeX Font Info:    Checking defaults for T1/cmr/m/n on input line 9.
LaTeX Font Info:    ... okay on input line 9.
LaTeX Font Info:    Checking defaults for OT1/cmr/m/n on input line 9.
LaTeX Font Info:    ... okay on input line 9.
LaTeX Font Info:    Checking defaults for OMS/cmsy/m/n on input line 9.
LaTeX Font Info:    ... okay on input line 9.
LaTeX Font Info:    Checking defaults for OMX/cmex/m/n on input line 9.
LaTeX Font Info:    ... okay on input line 9.
LaTeX Font Info:    Checking defaults for U/cmr/m/n on input line 9.
LaTeX Font Info:    ... okay on input line 9.

(/usr/share/texlive/texmf-dist/tex/context/base/mkii/supp-pdf.mkii
[Loading MPS to PDF converter (version 2006.09.02).]
\scratchcounter=\count90
\scratchdimen=\dimen106
\scratchbox=\box27
\nofMPsegments=\count91
\nofMParguments=\count92
\everyMPshowfont=\toks17
\MPscratchCnt=\count93
\MPscratchDim=\dimen107
\MPnumerator=\count94
\makeMPintoPDFobject=\count95
\everyMPtoPDFconversion=\toks18
) (/usr/share/texlive/texmf-dist/tex/latex/oberdiek/epstopdf-base.sty
Package: epstopdf-base 2016/05/15 v2.6 Base part for package epstopdf

(/usr/share/texlive/texmf-dist/tex/generic/oberdiek/infwarerr.sty
Package: infwarerr 2016/05/16 v1.4 Providing info/warning/error messages (HO)
)
(/usr/share/texlive/texmf-dist/tex/latex/oberdiek/grfext.sty
Package: grfext 2016/05/16 v1.2 Manage graphics extensions (HO)

(/usr/share/texlive/texmf-dist/tex/generic/oberdiek/kvdefinekeys.sty
Package: kvdefinekeys 2016/05/16 v1.4 Define keys (HO)

(/usr/share/texlive/texmf-dist/tex/generic/oberdiek/ltxcmds.sty
Package: ltxcmds 2016/05/16 v1.23 LaTeX kernel commands for general use (HO)
)))
(/usr/share/texlive/texmf-dist/tex/latex/oberdiek/kvoptions.sty
Package: kvoptions 2016/05/16 v3.12 Key value format for package options (HO)

(/usr/share/texlive/texmf-dist/tex/generic/oberdiek/kvsetkeys.sty
Package: kvsetkeys 2016/05/16 v1.17 Key value parser (HO)

(/usr/share/texlive/texmf-dist/tex/generic/oberdiek/etexcmds.sty
Package: etexcmds 2016/05/16 v1.6 Avoid name clashes with e-TeX commands (HO)

(/usr/share/texlive/texmf-dist/tex/generic/oberdiek/ifluatex.sty
Package: ifluatex 2016/05/16 v1.4 Provides the ifluatex switch (HO)
Package ifluatex Info: LuaTeX not detected.
))))
(/usr/share/texlive/texmf-dist/tex/generic/oberdiek/pdftexcmds.sty
Package: pdftexcmds 2018/09/10 v0.29 Utility functions of pdfTeX for LuaTeX (HO
)

(/usr/share/texlive/texmf-dist/tex/generic/oberdiek/ifpdf.sty
Package: ifpdf 2018/09/07 v3.3 Provides the ifpdf switch
)
Package pdftexcmds Info: LuaTeX not detected.
Package pdftexcmds Info: \pdf@primitive is available.
Package pdftexcmds Info: \pdf@ifprimitive is available.
Package pdftexcmds Info: \pdfdraftmode found.
)
Package epstopdf-base Info: Redefining graphics rule for `.eps' on input line 4
38.
Package grfext Info: Graphics extension search list:
(grfext)             [.pdf,.png,.jpg,.mps,.jpeg,.jbig2,.jb2,.PDF,.PNG,.JPG,.JPE
G,.JBIG2,.JB2,.eps]
(grfext)             \AppendGraphicsExtensions on input line 456.

(/usr/share/texlive/texmf-dist/tex/latex/latexconfig/epstopdf-sys.cfg
File: epstopdf-sys.cfg 2010/07/13 v1.3 Configuration of (r)epstopdf for TeX Liv
e
))
</home/giacomo/Scaricati/Logo.png, id=1, 943.525pt x 949.5475pt>
File: /home/giacomo/Scaricati/Logo.png Graphic file (type png)
<use /home/giacomo/Scaricati/Logo.png>
Package pdftex.def Info: /home/giacomo/Scaricati/Logo.png  used on input line 1
4.
(pdftex.def)             Requested size: 98.95067pt x 99.58464pt.

Overfull \hbox (29.95172pt too wide) in paragraph at lines 14--15
[][] 
 []

LaTeX Font Info:    External font `cmex10' loaded for size
(Font)              <7> on input line 15.
LaTeX Font Info:    External font `cmex10' loaded for size
(Font)              <5> on input line 15.
LaTeX Font Info:    External font `cmex10' loaded for size
(Font)              <14.4> on input line 19.

Overfull \hbox (42.63828pt too wide) in paragraph at lines 17--23
 [][] 
 []


Overfull \hbox (55.0pt too wide) in paragraph at lines 25--25
 []| 
 []


Overfull \hbox (55.0pt too wide) in paragraph at lines 30--31
 []| 
 []

[1

{/var/lib/texmf/fonts/map/pdftex/updmap/pdftex.map} </home/giacomo/Scaricati/Lo
go.png>]
Overfull \hbox (3.7797pt too wide) in paragraph at lines 52--57
\T1/cmr/m/n/9 serve a verificare l'effettiva comprensione del paradigma di prog
rammazione
 []


Overfull \hbox (11.598pt too wide) in paragraph at lines 52--57
\T1/cmr/m/n/9 ad oggetti (applicato al linguaggio di programmazione \T1/cmr/m/i
t/9 C++\T1/cmr/m/n/9 ) contestualizzata
 []


Underfull \hbox (badness 10000) in paragraph at lines 52--57

 []


Underfull \hbox (badness 10000) in paragraph at lines 52--57

 []

[1] (./Relazione.toc)
\tf@toc=\write3
\openout3 = `Relazione.toc'.

 [2]
Underfull \hbox (badness 10000) in paragraph at lines 71--73

 []

LaTeX Font Info:    Try loading font information for OMS+cmr on input line 74.
(/usr/share/texlive/texmf-dist/tex/latex/base/omscmr.fd
File: omscmr.fd 2014/09/29 v2.5h Standard LaTeX font definitions
)
LaTeX Font Info:    Font shape `OMS/cmr/m/n' in size <10> not available
(Font)              Font shape `OMS/cmsy/m/n' tried instead on input line 74.

Underfull \hbox (badness 10000) in paragraph at lines 78--83

 []

LaTeX Font Info:    Try loading font information for T1+cmtt on input line 86.
(/usr/share/texlive/texmf-dist/tex/latex/base/t1cmtt.fd
File: t1cmtt.fd 2014/09/29 v2.5h Standard LaTeX font definitions
)
Underfull \hbox (badness 10000) in paragraph at lines 86--88

 []

[1]
Overfull \hbox (4.69238pt too wide) in paragraph at lines 97--99
\T1/cmr/m/n/10 virtuali puri che vincolano le classi figlie a fornire un set di
 informazioni elementari
 []


Underfull \hbox (badness 10000) in paragraph at lines 97--99

 []


Overfull \hbox (4.55966pt too wide) in paragraph at lines 102--103
\T1/cmr/m/n/10 salario base orario per ciascuna delle ore di straordinario even
tuali lavorate); 
 []


Underfull \hbox (badness 10000) in paragraph at lines 106--108

 []


Overfull \hbox (7.5867pt too wide) in paragraph at lines 109--110
[]\T1/cmr/bx/n/10 Part-time \T1/cmr/m/n/10 (level0) si presenta come un contrat
to part-time classico, pensato
 []


Underfull \hbox (badness 10000) in paragraph at lines 112--113

 []


Underfull \hbox (badness 10000) in paragraph at lines 112--113

 []


Underfull \hbox (badness 10000) in paragraph at lines 114--115

 []

[2]
Underfull \hbox (badness 10000) in paragraph at lines 132--133

 []


Underfull \hbox (badness 10000) in paragraph at lines 134--147

 []


Underfull \hbox (badness 10000) in paragraph at lines 134--147

 []


Underfull \hbox (badness 10000) in paragraph at lines 149--150

 []


Overfull \hbox (10.09303pt too wide) in paragraph at lines 157--158
[]\T1/cmr/bx/n/10 Director \T1/cmr/m/n/10 (director) rappresenta un dipendente 
che svolge il ruolo di direttore 
 []


Underfull \hbox (badness 10000) in paragraph at lines 160--162

 []


Underfull \hbox (badness 10000) in paragraph at lines 170--171

 []


Underfull \hbox (badness 10000) in paragraph at lines 172--181

 []


Underfull \hbox (badness 10000) in paragraph at lines 172--181

 []


Underfull \hbox (badness 10000) in paragraph at lines 182--183

 []


Underfull \hbox (badness 10000) in paragraph at lines 184--195

 []


Underfull \hbox (badness 10000) in paragraph at lines 184--195

 []

[3]
</home/giacomo/Boostnote/img/qtsal_ger.jpg, id=37, 710.655pt x 434.37282pt>
File: /home/giacomo/Boostnote/img/qtsal_ger.jpg Graphic file (type jpg)
<use /home/giacomo/Boostnote/img/qtsal_ger.jpg>
Package pdftex.def Info: /home/giacomo/Boostnote/img/qtsal_ger.jpg  used on inp
ut line 199.
(pdftex.def)             Requested size: 319.7918pt x 195.46596pt.
 [4 </home/giacomo/Boostnote/img/qtsal_ger.jpg>]
Overfull \hbox (1.35986pt too wide) in paragraph at lines 219--221
\T1/cmr/m/n/10 pratici ma sostanzialmente trascurabile nell'ottica dell'utilizz
o del polimorfismo).
 []


Overfull \hbox (3.49823pt too wide) in paragraph at lines 219--221
\T1/cmr/m/n/10 Questo permette di definire sempre nuove tipologie di contratto 
e di implementare
 []


Overfull \hbox (3.02612pt too wide) in paragraph at lines 219--221
\T1/cmr/m/n/10 in una classe worker che ne fa uso le specifiche metodlogie di c
alcolo dei parametri. 
 []

</home/giacomo/Boostnote/img/qtsalgui.jpg, id=42, 754.31813pt x 626.34pt>
File: /home/giacomo/Boostnote/img/qtsalgui.jpg Graphic file (type jpg)
<use /home/giacomo/Boostnote/img/qtsalgui.jpg>
Package pdftex.def Info: /home/giacomo/Boostnote/img/qtsalgui.jpg  used on inpu
t line 227.
(pdftex.def)             Requested size: 301.72191pt x 250.53156pt.

Overfull \hbox (6.5567pt too wide) in paragraph at lines 230--231
[]\T1/cmr/m/n/10 Si è quindi cominciato costruendo i widget che sarebbero poi a
ndati a comporre
 []

[5 </home/giacomo/Boostnote/img/qtsalgui.jpg>]
Overfull \hbox (18.00082pt too wide) in paragraph at lines 237--238
[]\T1/cmr/m/n/10 Un widget che mostra i dati completi relativi ad un impiegato 
([][]\T1/cmtt/m/n/10 qemployeeinfo[]\T1/cmr/m/n/10 ,
 []


Overfull \hbox (18.94504pt too wide) in paragraph at lines 239--240
[]\T1/cmr/m/n/10 Un serie di pulsanti nella parte inferiore dello schermo per i
nteragire/modificare
 []


Overfull \hbox (56.74136pt too wide) in paragraph at lines 247--248
[]\T1/cmr/m/n/10 Per il pulsante "Calcola stipendi del mese" il widget della cl
asse [][]\T1/cmtt/m/n/10 qemployeelistforcalc
 []


Overfull \hbox (3.77594pt too wide) in paragraph at lines 250--251
\T1/cmr/m/n/10 widget è la volonta di rendere quanto più modulare possibile cia
scuna componente
 []

[6]
Overfull \hbox (11.3852pt too wide) in paragraph at lines 259--260
\T1/cmr/m/n/10 risultare "dannosi" e per controllare gli input forniti/avvisare
 l'utente dell'avvenuta
 []


Underfull \hbox (badness 10000) in paragraph at lines 264--265

 []


Overfull \hbox (31.85086pt too wide) in paragraph at lines 266--287
[][] 
 []


Underfull \hbox (badness 10000) in paragraph at lines 266--287

 []


Overfull \hbox (6.52783pt too wide) in paragraph at lines 288--289
[]\T1/cmr/m/n/10 I tempi presentati sono approssimativi dei tempi totali. Le te
mpistiche marcate
 []

[7]
Overfull \hbox (6.9696pt too wide) in paragraph at lines 302--303
\T1/cmr/m/n/10 container. La realizzazione della vista e del controller hanno v
isto la partecipazione
 []


Overfull \hbox (17.18933pt too wide) in paragraph at lines 305--308
\T1/cmr/m/n/10 risultato di un lavoro molto più sofferto di quello che si preve
ntivava (particolarmente
 []


Overfull \hbox (0.49896pt too wide) in paragraph at lines 305--308
\T1/cmr/m/n/10 comprensione quanto piuttosto sulle difficoltà nel trovare una r
ealtà da modellare
 []

[8] (./Relazione.aux) ) 
Here is how much of TeX's memory you used:
 2268 strings out of 494510
 31233 string characters out of 6176235
 100223 words of memory out of 5000000
 5908 multiletter control sequences out of 15000+600000
 15127 words of font info for 32 fonts, out of 8000000 for 9000
 36 hyphenation exceptions out of 8191
 41i,7n,25p,855b,261s stack positions out of 5000i,500n,10000p,200000b,80000s
 </home/giacomo/.texlive2019/texmf-var/fonts/pk/ljfour/j
knappen/ec/ectt1000.600pk> </home/giacomo/.texlive2019/texmf-var/fonts/pk/ljfou
r/jknappen/ec/ecbx1200.600pk> </home/giacomo/.texlive2019/texmf-var/fonts/pk/lj
four/jknappen/ec/ecti1000.600pk> </home/giacomo/.texlive2019/texmf-var/fonts/pk
/ljfour/jknappen/ec/ecbx1000.600pk> </home/giacomo/.texlive2019/texmf-var/fonts
/pk/ljfour/jknappen/ec/ecbx1440.600pk> </home/giacomo/.texlive2019/texmf-var/fo
nts/pk/ljfour/jknappen/ec/ecti0900.600pk> </home/giacomo/.texlive2019/texmf-var
/fonts/pk/ljfour/jknappen/ec/ecrm0900.600pk> </home/giacomo/.texlive2019/texmf-
var/fonts/pk/ljfour/jknappen/ec/ecbx0900.600pk> </home/giacomo/.texlive2019/tex
mf-var/fonts/pk/ljfour/jknappen/ec/eccc1000.600pk> </home/giacomo/.texlive2019/
texmf-var/fonts/pk/ljfour/jknappen/ec/ecrm1000.600pk> </home/giacomo/.texlive20
19/texmf-var/fonts/pk/ljfour/jknappen/ec/ecti1440.600pk> </home/giacomo/.texliv
e2019/texmf-var/fonts/pk/ljfour/jknappen/ec/eccc1440.600pk> </home/giacomo/.tex
live2019/texmf-var/fonts/pk/ljfour/jknappen/ec/ecxc1440.600pk></usr/share/texli
ve/texmf-dist/fonts/type1/public/amsfonts/cm/cmsy10.pfb>
Output written on Relazione.pdf (11 pages, 419868 bytes).
PDF statistics:
 519 PDF objects out of 1000 (max. 8388607)
 81 compressed objects within 1 object stream
 0 named destinations out of 1000 (max. 500000)
 16 words of extra memory for PDF output out of 10000 (max. 10000000)

